[AGENT] INPUT: list the files in curent dir
[AGENT] CMD:   ls
[AGENT] OUT:   LICENSE
poetry.lock
praxis
praxis-core-skeleton.zip
pyproject.toml
README.md
tests
venv

----------------------------------------
[AGENT] INPUT: list the files in curent dir
[AGENT] CMD:   ls
[AGENT] OUT:   LICENSE
poetry.lock
praxis
praxis-core-skeleton.zip
pyproject.toml
README.md
tests
venv

----------------------------------------
[AGENT] INPUT: list the files in curent dir
[AGENT] CMD:   ls
[AGENT] OUT:   LICENSE
poetry.lock
praxis
praxis-core-skeleton.zip
pyproject.toml
README.md
tests
venv

----------------------------------------
[AGENT] INPUT: list the files in curent dir
[AGENT] CMD:   ls
[AGENT] OUT:   LICENSE
poetry.lock
praxis
praxis-core-skeleton.zip
pyproject.toml
README.md
tests
venv

----------------------------------------
[AGENT] INPUT: list the files in curent dir
[AGENT] CMD:   ls
[AGENT] OUT:   LICENSE
poetry.lock
praxis
praxis-core-skeleton.zip
pyproject.toml
README.md
tests
venv

----------------------------------------
[AGENT] INPUT: list the files in curent dir
[AGENT] CMD:   ls
[AGENT] OUT:   LICENSE
poetry.lock
praxis
praxis-core-skeleton.zip
pyproject.toml
README.md
tests
venv

----------------------------------------
